<?xml version="1.0" encoding="UTF-8"?>
<!-- Generated by org.testng.reporters.JUnitReportReporter -->
<testsuite hostname="Serendipity" failures="0" tests="1" name="QA.DataDriven.WriteExcel" time="11.881" errors="0" timestamp="2024-02-27T14:04:39 IST" skipped="0">
  <testcase classname="QA.DataDriven.WriteExcel" name="fbLogin" time="11.881"/>
  <system-out/>
</testsuite> <!-- QA.DataDriven.WriteExcel -->
