<?xml version="1.0" encoding="UTF-8"?>
<!-- Generated by org.testng.reporters.JUnitReportReporter -->
<testsuite hostname="Serendipity" failures="0" tests="1" name="QA.DataDriven.ReadExcel" time="6.402" errors="0" timestamp="2024-02-28T11:19:38 IST" skipped="0">
  <testcase classname="QA.DataDriven.ReadExcel" name="fbLogin" time="6.402"/>
  <system-out/>
</testsuite> <!-- QA.DataDriven.ReadExcel -->
